This is pdfTeX, Version 3.141592653-2.6-1.40.27 (TeX Live 2025) (preloaded format=pdflatex 2025.7.19)  20 JUL 2025 15:28
entering extended mode
 restricted \write18 enabled.
 %&-line parsing enabled.
**MX_Thesis.tex
(./MX_Thesis.tex
LaTeX2e <2024-11-01> patch level 2
L3 programming layer <2025-01-18>
(./cseethesis.cls
Document class version: 3.1
Last modified: October 9, 2021
Document Class: cseethesis 
(/usr/local/texlive/2025/texmf-dist/tex/latex/base/book.cls
Document Class: book 2024/06/29 v1.4n Standard LaTeX document class
(/usr/local/texlive/2025/texmf-dist/tex/latex/base/bk12.clo
File: bk12.clo 2024/06/29 v1.4n Standard LaTeX file (size option)
)
\c@part=\count196
\c@chapter=\count197
\c@section=\count198
\c@subsection=\count199
\c@subsubsection=\count266
\c@paragraph=\count267
\c@subparagraph=\count268
\c@figure=\count269
\c@table=\count270
\abovecaptionskip=\skip49
\belowcaptionskip=\skip50
\bibindent=\dimen141
)
(/usr/local/texlive/2025/texmf-dist/tex/latex/graphics/graphicx.sty
Package: graphicx 2021/09/16 v1.2d Enhanced LaTeX Graphics (DPC,SPQR)

(/usr/local/texlive/2025/texmf-dist/tex/latex/graphics/keyval.sty
Package: keyval 2022/05/29 v1.15 key=value parser (DPC)
\KV@toks@=\toks17
)
(/usr/local/texlive/2025/texmf-dist/tex/latex/graphics/graphics.sty
Package: graphics 2024/08/06 v1.4g Standard LaTeX Graphics (DPC,SPQR)

(/usr/local/texlive/2025/texmf-dist/tex/latex/graphics/trig.sty
Package: trig 2023/12/02 v1.11 sin cos tan (DPC)
)
(/usr/local/texlive/2025/texmf-dist/tex/latex/graphics-cfg/graphics.cfg
File: graphics.cfg 2016/06/04 v1.11 sample graphics configuration
)
Package graphics Info: Driver file: pdftex.def on input line 106.

(/usr/local/texlive/2025/texmf-dist/tex/latex/graphics-def/pdftex.def
File: pdftex.def 2024/04/13 v1.2c Graphics/color driver for pdftex
))
\Gin@req@height=\dimen142
\Gin@req@width=\dimen143
)
(/usr/local/texlive/2025/texmf-dist/tex/latex/fancyhdr/fancyhdr.sty
Package: fancyhdr 2025/02/07 v5.2 Extensive control of page headers and footers

\f@nch@headwidth=\skip51
\f@nch@offset@elh=\skip52
\f@nch@offset@erh=\skip53
\f@nch@offset@olh=\skip54
\f@nch@offset@orh=\skip55
\f@nch@offset@elf=\skip56
\f@nch@offset@erf=\skip57
\f@nch@offset@olf=\skip58
\f@nch@offset@orf=\skip59
\f@nch@height=\skip60
\f@nch@footalignment=\skip61
\f@nch@widthL=\skip62
\f@nch@widthC=\skip63
\f@nch@widthR=\skip64
\@temptokenb=\toks18
)
(/usr/local/texlive/2025/texmf-dist/tex/latex/amsmath/amsmath.sty
Package: amsmath 2024/11/05 v2.17t AMS math features
\@mathmargin=\skip65

For additional information on amsmath, use the `?' option.
(/usr/local/texlive/2025/texmf-dist/tex/latex/amsmath/amstext.sty
Package: amstext 2021/08/26 v2.01 AMS text

(/usr/local/texlive/2025/texmf-dist/tex/latex/amsmath/amsgen.sty
File: amsgen.sty 1999/11/30 v2.0 generic functions
\@emptytoks=\toks19
\ex@=\dimen144
))
(/usr/local/texlive/2025/texmf-dist/tex/latex/amsmath/amsbsy.sty
Package: amsbsy 1999/11/29 v1.2d Bold Symbols
\pmbraise@=\dimen145
)
(/usr/local/texlive/2025/texmf-dist/tex/latex/amsmath/amsopn.sty
Package: amsopn 2022/04/08 v2.04 operator names
)
\inf@bad=\count271
LaTeX Info: Redefining \frac on input line 233.
\uproot@=\count272
\leftroot@=\count273
LaTeX Info: Redefining \overline on input line 398.
LaTeX Info: Redefining \colon on input line 409.
\classnum@=\count274
\DOTSCASE@=\count275
LaTeX Info: Redefining \ldots on input line 495.
LaTeX Info: Redefining \dots on input line 498.
LaTeX Info: Redefining \cdots on input line 619.
\Mathstrutbox@=\box52
\strutbox@=\box53
LaTeX Info: Redefining \big on input line 721.
LaTeX Info: Redefining \Big on input line 722.
LaTeX Info: Redefining \bigg on input line 723.
LaTeX Info: Redefining \Bigg on input line 724.
\big@size=\dimen146
LaTeX Font Info:    Redeclaring font encoding OML on input line 742.
LaTeX Font Info:    Redeclaring font encoding OMS on input line 743.
\macc@depth=\count276
LaTeX Info: Redefining \bmod on input line 904.
LaTeX Info: Redefining \pmod on input line 909.
LaTeX Info: Redefining \smash on input line 939.
LaTeX Info: Redefining \relbar on input line 969.
LaTeX Info: Redefining \Relbar on input line 970.
\c@MaxMatrixCols=\count277
\dotsspace@=\muskip17
\c@parentequation=\count278
\dspbrk@lvl=\count279
\tag@help=\toks20
\row@=\count280
\column@=\count281
\maxfields@=\count282
\andhelp@=\toks21
\eqnshift@=\dimen147
\alignsep@=\dimen148
\tagshift@=\dimen149
\tagwidth@=\dimen150
\totwidth@=\dimen151
\lineht@=\dimen152
\@envbody=\toks22
\multlinegap=\skip66
\multlinetaggap=\skip67
\mathdisplay@stack=\toks23
LaTeX Info: Redefining \[ on input line 2953.
LaTeX Info: Redefining \] on input line 2954.
)
(/usr/local/texlive/2025/texmf-dist/tex/latex/amsfonts/amsfonts.sty
Package: amsfonts 2013/01/14 v3.01 Basic AMSFonts support
\symAMSa=\mathgroup4
\symAMSb=\mathgroup5
LaTeX Font Info:    Redeclaring math symbol \hbar on input line 98.
LaTeX Font Info:    Overwriting math alphabet `\mathfrak' in version `bold'
(Font)                  U/euf/m/n --> U/euf/b/n on input line 106.
)
(/usr/local/texlive/2025/texmf-dist/tex/latex/amsfonts/amssymb.sty
Package: amssymb 2013/01/14 v3.01 AMS font symbols
)
(/usr/local/texlive/2025/texmf-dist/tex/latex/base/ifthen.sty
Package: ifthen 2024/03/16 v1.1e Standard LaTeX ifthen package (DPC)
)
(/usr/local/texlive/2025/texmf-dist/tex/latex/bibunits/bibunits.sty
Package: bibunits 2004/05/12 v2.4 Multiple bibliographies in one document.
\@bibunitaux=\write3
\@bibunitauxcnt=\count283
)
(/usr/local/texlive/2025/texmf-dist/tex/latex/base/inputenc.sty
Package: inputenc 2024/02/08 v1.3d Input encoding file
\inpenc@prehook=\toks24
\inpenc@posthook=\toks25
)
(/usr/local/texlive/2025/texmf-dist/tex/latex/glossaries/base/glossaries.sty
Package: glossaries 2025/03/03 v4.56 (NLCT)

(/usr/local/texlive/2025/texmf-dist/tex/latex/xkeyval/xkeyval.sty
Package: xkeyval 2022/06/16 v2.9 package option processing (HA)

(/usr/local/texlive/2025/texmf-dist/tex/generic/xkeyval/xkeyval.tex
(/usr/local/texlive/2025/texmf-dist/tex/generic/xkeyval/xkvutils.tex
\XKV@toks=\toks26
\XKV@tempa@toks=\toks27
)
\XKV@depth=\count284
File: xkeyval.tex 2014/12/03 v2.7a key=value parser (HA)
))
(/usr/local/texlive/2025/texmf-dist/tex/latex/mfirstuc/mfirstuc.sty
Package: mfirstuc 2022/10/14 v2.08 (NLCT)

(/usr/local/texlive/2025/texmf-dist/tex/latex/etoolbox/etoolbox.sty
Package: etoolbox 2025/02/11 v2.5l e-TeX tools for LaTeX (JAW)
\etb@tempcnta=\count285
)
\@glsmfirst=\toks28
\@glsmrest=\toks29
)
(/usr/local/texlive/2025/texmf-dist/tex/latex/xfor/xfor.sty
Package: xfor 2009/02/05 v1.05 (NLCT)
)
(/usr/local/texlive/2025/texmf-dist/tex/latex/datatool/datatool-base.sty
Package: datatool-base 2025/03/05 v3.0.1 (NLCT)

(/usr/local/texlive/2025/texmf-dist/tex/latex/tracklang/tracklang.sty
Package: tracklang 2025/03/04 v1.6.5 (NLCT) Track Languages

(/usr/local/texlive/2025/texmf-dist/tex/generic/tracklang/tracklang.tex))
(/usr/local/texlive/2025/texmf-dist/tex/latex/datatool/datatool-l3fp.def
File: datatool-l3fp.def 2025/03/05 v3.0.1 (NLCT)
)
\@dtl@toks=\toks30
\@dtl@tmpcount=\count286
\dtl@tmplength=\skip68
\l__datatool_measure_box=\box54
\dtl@sortresult=\count287

(/usr/local/texlive/2025/texmf-dist/tex/latex/datatool/datatool-utf8.ldf
File: datatool-utf8.ldf 2025/03/05 v3.0.1 (NLCT)
)
\@dtl@datatype=\count288
\l__datatool_tmpa_int=\count289
\l__datatool_tmpb_int=\count290
\l__datatool_tmpc_int=\count291
\l__datatool_tmpd_int=\count292
\l__datatool_count_int=\count293
\l__datatool_tmp_datatype_int=\count294
\l__datatool_tmpa_dim=\dimen153
\l__datatool_tmpb_dim=\dimen154
\c_datatool_unknown_int=\count295
\l__datatool_year_int=\count296
\l__datatool_month_int=\count297
\l__datatool_day_int=\count298
\l__datatool_hour_int=\count299
\l__datatool_minute_int=\count300
\l__datatool_second_int=\count301
\l__datatool_tzhour_int=\count302
\l__datatool_tzminute_int=\count303
\l__datatool_julian_int=\count304
\l__datatool_local_julian_int=\count305
\l__datatool_prefix_int=\count306
\l__datatool_suffix_int=\count307
\@dtl@foreach@level=\count308
\dtl@codeA=\count309
\dtl@codeB=\count310
)
\gls@level=\count311
\@gls@tmpb=\toks31
\gls@tmplen=\skip69
\glskeylisttok=\toks32
\glslabeltok=\toks33
\glsshorttok=\toks34
\glslongtok=\toks35

(/usr/local/texlive/2025/texmf-dist/tex/latex/glossaries/styles/glossary-hypern
av.sty
Package: glossary-hypernav 2025/03/03 v4.56 (NLCT)
)
(/usr/local/texlive/2025/texmf-dist/tex/latex/glossaries/styles/glossary-list.s
ty
Package: glossary-list 2025/03/03 v4.56 (NLCT)
\glslistdottedwidth=\skip70
)
(/usr/local/texlive/2025/texmf-dist/tex/latex/glossaries/styles/glossary-long.s
ty
Package: glossary-long 2025/03/03 v4.56 (NLCT)
 (/usr/local/texlive/2025/texmf-dist/tex/latex/tools/longtable.sty
Package: longtable 2024-10-27 v4.22 Multi-page Table package (DPC)
\LTleft=\skip71
\LTright=\skip72
\LTpre=\skip73
\LTpost=\skip74
\LTchunksize=\count312
\LTcapwidth=\dimen155
\LT@head=\box55
\LT@firsthead=\box56
\LT@foot=\box57
\LT@lastfoot=\box58
\LT@gbox=\box59
\LT@cols=\count313
\LT@rows=\count314
\c@LT@tables=\count315
\c@LT@chunks=\count316
\LT@p@ftn=\toks36
)
\glsdescwidth=\skip75
\glspagelistwidth=\skip76
)
(/usr/local/texlive/2025/texmf-dist/tex/latex/glossaries/styles/glossary-super.
sty
Package: glossary-super 2025/03/03 v4.56 (NLCT)
 (/usr/local/texlive/2025/texmf-dist/tex/latex/supertabular/supertabular.sty
Package: supertabular 2024/07/20 v4.2c the supertabular environment
\c@tracingst=\count317
\ST@wd=\dimen156
\ST@rightskip=\skip77
\ST@leftskip=\skip78
\ST@parfillskip=\skip79
\ST@pageleft=\dimen157
\ST@headht=\dimen158
\ST@tailht=\dimen159
\ST@pagesofar=\dimen160
\ST@pboxht=\dimen161
\ST@rowht=\dimen162
\ST@prevht=\dimen163
\ST@toadd=\dimen164
\ST@dimen=\dimen165
\ST@pbox=\box60
))
(/usr/local/texlive/2025/texmf-dist/tex/latex/glossaries/styles/glossary-tree.s
ty
Package: glossary-tree 2025/03/03 v4.56 (NLCT)
\glstreeindent=\skip80
)) (/usr/local/texlive/2025/texmf-dist/tex/latex/titlesec/titletoc.sty
Package: titletoc 2025/01/04 v2.17 TOC entries
\ttl@leftsep=\dimen166
))
(/usr/local/texlive/2025/texmf-dist/tex/latex/listings/listings.sty
\lst@mode=\count318
\lst@gtempboxa=\box61
\lst@token=\toks37
\lst@length=\count319
\lst@currlwidth=\dimen167
\lst@column=\count320
\lst@pos=\count321
\lst@lostspace=\dimen168
\lst@width=\dimen169
\lst@newlines=\count322
\lst@lineno=\count323
\lst@maxwidth=\dimen170

(/usr/local/texlive/2025/texmf-dist/tex/latex/listings/lstpatch.sty
File: lstpatch.sty 2024/09/23 1.10c (Carsten Heinz)
)
(/usr/local/texlive/2025/texmf-dist/tex/latex/listings/lstmisc.sty
File: lstmisc.sty 2024/09/23 1.10c (Carsten Heinz)
\c@lstnumber=\count324
\lst@skipnumbers=\count325
\lst@framebox=\box62
)
(/usr/local/texlive/2025/texmf-dist/tex/latex/listings/listings.cfg
File: listings.cfg 2024/09/23 1.10c listings configuration
))
Package: listings 2024/09/23 1.10c (Carsten Heinz)

(/usr/local/texlive/2025/texmf-dist/tex/latex/xcolor/xcolor.sty
Package: xcolor 2024/09/29 v3.02 LaTeX color extensions (UK)

(/usr/local/texlive/2025/texmf-dist/tex/latex/graphics-cfg/color.cfg
File: color.cfg 2016/01/02 v1.6 sample color configuration
)
Package xcolor Info: Driver file: pdftex.def on input line 274.

(/usr/local/texlive/2025/texmf-dist/tex/latex/graphics/mathcolor.ltx)
Package xcolor Info: Model `cmy' substituted by `cmy0' on input line 1349.
Package xcolor Info: Model `hsb' substituted by `rgb' on input line 1353.
Package xcolor Info: Model `RGB' extended on input line 1365.
Package xcolor Info: Model `HTML' substituted by `rgb' on input line 1367.
Package xcolor Info: Model `Hsb' substituted by `hsb' on input line 1368.
Package xcolor Info: Model `tHsb' substituted by `hsb' on input line 1369.
Package xcolor Info: Model `HSB' substituted by `hsb' on input line 1370.
Package xcolor Info: Model `Gray' substituted by `gray' on input line 1371.
Package xcolor Info: Model `wave' substituted by `hsb' on input line 1372.
)
\glswrite=\write4
\glo@main@file=\write5
\openout5 = `MX_Thesis.glo'.

Package glossaries Info: Writing glossary file MX_Thesis.glo on input line 13.
\glo@acronym@file=\write6
\openout6 = `MX_Thesis.acn'.

Package glossaries Info: Writing glossary file MX_Thesis.acn on input line 13.

(/usr/local/texlive/2025/texmf-dist/tex/latex/l3backend/l3backend-pdftex.def
File: l3backend-pdftex.def 2024-05-08 L3 backend support: PDF output (pdfTeX)
\l__color_backend_stack_int=\count326
\l__pdf_internal_box=\box63
)
(./MX_Thesis.aux)
\openout1 = `MX_Thesis.aux'.

LaTeX Font Info:    Checking defaults for OML/cmm/m/it on input line 17.
LaTeX Font Info:    ... okay on input line 17.
LaTeX Font Info:    Checking defaults for OMS/cmsy/m/n on input line 17.
LaTeX Font Info:    ... okay on input line 17.
LaTeX Font Info:    Checking defaults for OT1/cmr/m/n on input line 17.
LaTeX Font Info:    ... okay on input line 17.
LaTeX Font Info:    Checking defaults for T1/cmr/m/n on input line 17.
LaTeX Font Info:    ... okay on input line 17.
LaTeX Font Info:    Checking defaults for TS1/cmr/m/n on input line 17.
LaTeX Font Info:    ... okay on input line 17.
LaTeX Font Info:    Checking defaults for OMX/cmex/m/n on input line 17.
LaTeX Font Info:    ... okay on input line 17.
LaTeX Font Info:    Checking defaults for U/cmr/m/n on input line 17.
LaTeX Font Info:    ... okay on input line 17.

(/usr/local/texlive/2025/texmf-dist/tex/context/base/mkii/supp-pdf.mkii
[Loading MPS to PDF converter (version 2006.09.02).]
\scratchcounter=\count327
\scratchdimen=\dimen171
\scratchbox=\box64
\nofMPsegments=\count328
\nofMParguments=\count329
\everyMPshowfont=\toks38
\MPscratchCnt=\count330
\MPscratchDim=\dimen172
\MPnumerator=\count331
\makeMPintoPDFobject=\count332
\everyMPtoPDFconversion=\toks39
) (/usr/local/texlive/2025/texmf-dist/tex/latex/epstopdf-pkg/epstopdf-base.sty
Package: epstopdf-base 2020-01-24 v2.11 Base part for package epstopdf
Package epstopdf-base Info: Redefining graphics rule for `.eps' on input line 4
85.

(/usr/local/texlive/2025/texmf-dist/tex/latex/latexconfig/epstopdf-sys.cfg
File: epstopdf-sys.cfg 2010/07/13 v1.3 Configuration of (r)epstopdf for TeX Liv
e
))
\c@lstlisting=\count333
<bg_wall.jpg, id=1, 1284.8pt x 722.7pt>
File: bg_wall.jpg Graphic file (type jpg)
<use bg_wall.jpg>
Package pdftex.def Info: bg_wall.jpg  used on input line 29.
(pdftex.def)             Requested size: 225.84375pt x 127.03679pt.


[1

\openout4 = `MX_Thesis.ist'.

{/usr/local/texlive/2025/texmf-var/fonts/map/pdftex/updmap/pdftex.map} <./bg_wa
ll.jpg>]

[2

]

[3]

[4

] (./abstract.tex
LaTeX Font Info:    Trying to load font information for OMS+cmr on input line 1
1.

(/usr/local/texlive/2025/texmf-dist/tex/latex/base/omscmr.fd
File: omscmr.fd 2024/11/19 v2.5n Standard LaTeX font definitions
)
LaTeX Font Info:    Font shape `OMS/cmr/m/n' in size <12> not available
(Font)              Font shape `OMS/cmsy/m/n' tried instead on input line 11.

Overfull \hbox (1.93884pt too wide) in paragraph at lines 13--14
\OT1/cmr/m/n/12 newacronym\OMS/cmsy/m/n/12 f\OT1/cmr/m/n/12 nlp\OMS/cmsy/m/n/12
 gf\OT1/cmr/m/n/12 NLP\OMS/cmsy/m/n/12 gf\OT1/cmr/m/n/12 Natural Lan-guage Pro-
cess-ing\OMS/cmsy/m/n/12 g \OT1/cmr/m/n/12 for han-dling acronyms and
 []

LaTeX Font Info:    Font shape `OMS/cmr/bx/n' in size <12> not available
(Font)              Font shape `OMS/cmsy/b/n' tried instead on input line 17.
)

[5]

[6

] (./MX_Thesis.toc
LaTeX Font Info:    Trying to load font information for U+msa on input line 5.

(/usr/local/texlive/2025/texmf-dist/tex/latex/amsfonts/umsa.fd
File: umsa.fd 2013/01/14 v3.01 AMS symbols A
)
LaTeX Font Info:    Trying to load font information for U+msb on input line 5.

(/usr/local/texlive/2025/texmf-dist/tex/latex/amsfonts/umsb.fd
File: umsb.fd 2013/01/14 v3.01 AMS symbols B
)

[7

])
\tf@toc=\write7
\openout7 = `MX_Thesis.toc'.



[8] (./preface.tex)
Underfull \hbox (badness 10000) in paragraph at lines 62--62

 []



[9


]

[10

]

[1

]

[2

] (./chapters/chapter1.tex
Underfull \hbox (badness 10000) in paragraph at lines 2--4

 []



[3



]
LaTeX Font Info:    Trying to load font information for OMS+cmtt on input line 
30.
LaTeX Font Info:    No file OMScmtt.fd. on input line 30.


LaTeX Font Warning: Font shape `OMS/cmtt/m/n' undefined
(Font)              using `OMS/cmsy/m/n' instead
(Font)              for symbol `textbraceleft' on input line 30.



[4{/usr/local/texlive/2025/texmf-dist/fonts/enc/dvips/cm-super/cm-super-ts1.enc
}]

[5]

[6]

[7])

[8] (./chapters/chapter2.tex (./bu1.aux)
\openout3 = `bu1.aux'.



[9


]

[10

])

[11]

[12

] (./chapters/chapter3.tex

[13

]
Underfull \vbox (badness 1168) has occurred while \output is active []



[14]
Underfull \vbox (badness 2285) has occurred while \output is active []



[15]
Underfull \vbox (badness 10000) has occurred while \output is active []



[16])

[17]

[18

]

[19

]

[20

]
Underfull \hbox (badness 10000) in paragraph at lines 103--103

 []

No file bu1.bbl.


[21]

[22

] (./bu1.aux)
No file bu.aux.


[23

]

[24

]

[25


]

[26

] (./papers/paper1.tex (./bu2.aux)
\openout3 = `bu2.aux'.



LaTeX Warning: Citation `Goossens' on page 27 undefined on input line 16.

No file bu2.bbl.
(./bu2.aux)
No file bu.aux.
)

[27]

[28

]

[29

]

[30

] (./papers/paper2.tex (./bu3.aux)
\openout3 = `bu3.aux'.



[31]
<MX_Papers/Paper2/images/DT_REAL.png, id=147, 533.995pt x 700.6175pt>
File: MX_Papers/Paper2/images/DT_REAL.png Graphic file (type png)
<use MX_Papers/Paper2/images/DT_REAL.png>
Package pdftex.def Info: MX_Papers/Paper2/images/DT_REAL.png  used on input lin
e 40.
(pdftex.def)             Requested size: 106.7971pt x 140.12102pt.


[32 <./MX_Papers/Paper2/images/DT_REAL.png>]
<MX_Papers/Paper2/images/fig2updated.PNG, id=152, 557.6835pt x 374.5995pt>
File: MX_Papers/Paper2/images/fig2updated.PNG Graphic file (type png)
<use MX_Papers/Paper2/images/fig2updated.PNG>
Package pdftex.def Info: MX_Papers/Paper2/images/fig2updated.PNG  used on input
 line 62.
(pdftex.def)             Requested size: 223.06944pt x 149.83714pt.
<MX_Papers/Paper2/images/DT_REAL_FB_CONTROLLERS.png, id=154, 610.28pt x 760.842
5pt>
File: MX_Papers/Paper2/images/DT_REAL_FB_CONTROLLERS.png Graphic file (type png
)
<use MX_Papers/Paper2/images/DT_REAL_FB_CONTROLLERS.png>
Package pdftex.def Info: MX_Papers/Paper2/images/DT_REAL_FB_CONTROLLERS.png  us
ed on input line 69.
(pdftex.def)             Requested size: 122.05383pt x 152.1658pt.


LaTeX Warning: `h' float specifier changed to `ht'.


Underfull \vbox (badness 10000) has occurred while \output is active []



[33 <./MX_Papers/Paper2/images/fig2updated.PNG>]
<MX_Papers/Paper2/images/SimulationFBsystem.png, id=160, 721.69624pt x 553.0662
5pt>
File: MX_Papers/Paper2/images/SimulationFBsystem.png Graphic file (type png)
<use MX_Papers/Paper2/images/SimulationFBsystem.png>
Package pdftex.def Info: MX_Papers/Paper2/images/SimulationFBsystem.png  used o
n input line 85.
(pdftex.def)             Requested size: 216.51054pt x 165.92114pt.


LaTeX Warning: `h' float specifier changed to `ht'.



[34 <./MX_Papers/Paper2/images/DT_REAL_FB_CONTROLLERS.png>]
<MX_Papers/Paper2/images/hybrid.pdf, id=164, 735.67265pt x 268.67387pt>
File: MX_Papers/Paper2/images/hybrid.pdf Graphic file (type pdf)
<use MX_Papers/Paper2/images/hybrid.pdf>
Package pdftex.def Info: MX_Papers/Paper2/images/hybrid.pdf  used on input line
 99.
(pdftex.def)             Requested size: 264.84195pt x 96.7225pt.
<MX_Papers/Paper2/images/DT_HMI5.PNG, id=165, 573.94424pt x 575.751pt>
File: MX_Papers/Paper2/images/DT_HMI5.PNG Graphic file (type png)
<use MX_Papers/Paper2/images/DT_HMI5.PNG>
Package pdftex.def Info: MX_Papers/Paper2/images/DT_HMI5.PNG  used on input lin
e 108.
(pdftex.def)             Requested size: 172.1846pt x 172.72662pt.


LaTeX Warning: `h' float specifier changed to `ht'.



[35 <./MX_Papers/Paper2/images/SimulationFBsystem.png> <./MX_Papers/Paper2/imag
es/hybrid.pdf>]
<MX_Papers/Paper2/images/VerificationFB.png, id=190, 297.61188pt x 249.43187pt>

File: MX_Papers/Paper2/images/VerificationFB.png Graphic file (type png)
<use MX_Papers/Paper2/images/VerificationFB.png>
Package pdftex.def Info: MX_Papers/Paper2/images/VerificationFB.png  used on in
put line 124.
(pdftex.def)             Requested size: 193.44542pt x 162.12878pt.


[36 <./MX_Papers/Paper2/images/DT_HMI5.PNG> <./MX_Papers/Paper2/images/Verifica
tionFB.png>]
<MX_Papers/Paper2/images/LinearDAFinal.PNG, id=195, 579.96675pt x 401.70074pt>
File: MX_Papers/Paper2/images/LinearDAFinal.PNG Graphic file (type png)
<use MX_Papers/Paper2/images/LinearDAFinal.PNG>
Package pdftex.def Info: MX_Papers/Paper2/images/LinearDAFinal.PNG  used on inp
ut line 141.
(pdftex.def)             Requested size: 231.98259pt x 160.67744pt.
<MX_Papers/Paper2/images/Fig9.png, id=196, 739.76375pt x 283.81032pt>
File: MX_Papers/Paper2/images/Fig9.png Graphic file (type png)
<use MX_Papers/Paper2/images/Fig9.png>
Package pdftex.def Info: MX_Papers/Paper2/images/Fig9.png  used on input line 1
52.
(pdftex.def)             Requested size: 244.12279pt x 93.65768pt.


LaTeX Warning: `h' float specifier changed to `ht'.



[37 <./MX_Papers/Paper2/images/LinearDAFinal.PNG>]
<MX_Papers/Paper2/images/Fig10.png, id=201, 1010.02344pt x 832.35968pt>
File: MX_Papers/Paper2/images/Fig10.png Graphic file (type png)
<use MX_Papers/Paper2/images/Fig10.png>
Package pdftex.def Info: MX_Papers/Paper2/images/Fig10.png  used on input line 
161.
(pdftex.def)             Requested size: 242.41058pt x 199.7704pt.
LaTeX Font Info:    Font shape `OMS/cmr/m/n' in size <10.95> not available
(Font)              Font shape `OMS/cmsy/m/n' tried instead on input line 171.


[38 <./MX_Papers/Paper2/images/Fig9.png> <./MX_Papers/Paper2/images/Fig10.png>]


[39]

[40] (./bu3.bbl

[41]

[42]) (./bu3.aux)
No file bu.aux.
)

[43]

[44

]

[45

]

[46

] (./papers/paper3.tex (./bu4.aux)
\openout3 = `bu4.aux'.


No file bu4.bbl.
(./bu4.aux)
No file bu.aux.
)

[47]

[48

]
Underfull \hbox (badness 10000) in paragraph at lines 197--197

 []



[49

]

[50

]
No file MX_Thesis.acr.


[51] (./MX_Thesis.aux)
 ***********
LaTeX2e <2024-11-01> patch level 2
L3 programming layer <2025-01-18>
 ***********


LaTeX Font Warning: Some font shapes were not available, defaults substituted.


LaTeX Warning: There were undefined references.

 ) 
Here is how much of TeX's memory you used:
 12577 strings out of 473190
 234281 string characters out of 5715800
 723200 words of memory out of 5000000
 35657 multiletter control sequences out of 15000+600000
 570821 words of font info for 80 fonts, out of 8000000 for 9000
 1141 hyphenation exceptions out of 8191
 77i,12n,80p,2381b,1916s stack positions out of 10000i,1000n,20000p,200000b,200000s
</usr/local/texlive/2025/texmf-dist/fonts/type1/public/amsfonts/cm/cmbsy10.pf
b></usr/local/texlive/2025/texmf-dist/fonts/type1/public/amsfonts/cm/cmbx12.pfb
></usr/local/texlive/2025/texmf-dist/fonts/type1/public/amsfonts/cm/cmcsc10.pfb
></usr/local/texlive/2025/texmf-dist/fonts/type1/public/amsfonts/cm/cmex10.pfb>
</usr/local/texlive/2025/texmf-dist/fonts/type1/public/amsfonts/cm/cmmi12.pfb><
/usr/local/texlive/2025/texmf-dist/fonts/type1/public/amsfonts/cm/cmmi8.pfb></u
sr/local/texlive/2025/texmf-dist/fonts/type1/public/amsfonts/cm/cmr10.pfb></usr
/local/texlive/2025/texmf-dist/fonts/type1/public/amsfonts/cm/cmr12.pfb></usr/l
ocal/texlive/2025/texmf-dist/fonts/type1/public/amsfonts/cm/cmr17.pfb></usr/loc
al/texlive/2025/texmf-dist/fonts/type1/public/amsfonts/cm/cmr8.pfb></usr/local/
texlive/2025/texmf-dist/fonts/type1/public/amsfonts/cm/cmsy10.pfb></usr/local/t
exlive/2025/texmf-dist/fonts/type1/public/amsfonts/cm/cmsy8.pfb></usr/local/tex
live/2025/texmf-dist/fonts/type1/public/amsfonts/cm/cmti10.pfb></usr/local/texl
ive/2025/texmf-dist/fonts/type1/public/amsfonts/cm/cmti12.pfb></usr/local/texli
ve/2025/texmf-dist/fonts/type1/public/amsfonts/cm/cmtt12.pfb></usr/local/texliv
e/2025/texmf-dist/fonts/type1/public/cm-super/sfrm1095.pfb></usr/local/texlive/
2025/texmf-dist/fonts/type1/public/cm-super/sfrm1200.pfb>
Output written on MX_Thesis.pdf (61 pages, 6726066 bytes).
PDF statistics:
 324 PDF objects out of 1000 (max. 8388607)
 202 compressed objects within 3 object streams
 0 named destinations out of 1000 (max. 500000)
 56 words of extra memory for PDF output out of 10000 (max. 10000000)

